MPASM  5.42             TINYBLD18F2550USB.ASM   7-20-2014  18:28:27         PAGE  1


LOC  OBJECT CODE     LINE SOURCE TEXT
  VALUE

                      00001         radix DEC
                      00002         LIST      P=18F4550     ; change also: Configure->SelectDevice from Mplab
                      00003 ; 4MHzQuartz /1 * 24 / 2 => 48MHz       ; check _CONFIG1
  02DC6C00            00004 xtal EQU 48000000               ; 'xtal' here is resulted frequency (is no longer quartz frequency)
  0001C200            00005 baud EQU 115200                 ; the desired baud rate
                      00006         
                      00007         ;********************************************************************
                      00008         ;       Tiny Bootloader         18F*55 series           Size=100words
                      00009         ;       claudiu.chiculita@ugal.ro
                      00010         ;       http://www.etc.ugal.ro/cchiculita/software/picbootloader.htm
                      00011         ;********************************************************************
                      00012         ;            |  12kW    16kW
                      00013         ;       -----+----------------
                      00014         ;       28pin|  2455    2550
                      00015         ;       40pin|  4455    4550
                      00016         #include "../icdpictypes.inc"   ;takes care of: #include "p18fxxx.inc",  max_flash, IdTypePIC
                      00001 ;IdTypePIC
                      00002 ;bits      7   6   5   4   3  2  1  0
                      00003 ;meaning:   type16/18/ds |  model_nr
                      00004 ;
                      00005 ;
                      00006 ;If you want to work with another model that is not on the list
                      00007 ;find one model that is similar to yours and has THE SAME amount
                      00008 ;of flash and replace its "IFDEF __XXXXXX" and 
                      00009 ;"#include "ZZZZZZZZZ.inc"", but the ID must remain.
                      00010 ;Each IdTypePIC has one corespondent in the PC application,
                      00011 ;if you add new ones they will not be recognized.
                      00012 
  00000000            00013 IdTypePIC SET 0
                      00014 
                      00015         IFDEF __16F876A
                      00016                 #include "p16f876a.inc"
                      00017 IdTypePIC = 0x31                
                      00018                 #define max_flash 0x2000
                      00019         ENDIF
                      00020         IFDEF __16F877A
                      00021                 #include "p16f877a.inc"
                      00022 IdTypePIC = 0x31                
                      00023                 #define max_flash 0x2000
                      00024         ENDIF
                      00025 
                      00026         IFDEF __16F873A
                      00027                 #include "p16f873a.inc"
                      00028 IdTypePIC = 0x32                
                      00029                 #define max_flash 0x1000
                      00030         ENDIF
                      00031         IFDEF __16F874A
                      00032                 #include "p16f874a.inc"
                      00033 IdTypePIC = 0x32                
                      00034                 #define max_flash 0x1000
                      00035         ENDIF
                      00036 
                      00037         IFDEF __16F87
MPASM  5.42             TINYBLD18F2550USB.ASM   7-20-2014  18:28:27         PAGE  2


LOC  OBJECT CODE     LINE SOURCE TEXT
  VALUE

                      00038                 #include "p16f87.inc"
                      00039 IdTypePIC = 0x33                
                      00040                 #define max_flash 0x1000
                      00041         ENDIF
                      00042         IFDEF __16F88
                      00043                 #include "p16f88.inc"
                      00044 IdTypePIC = 0x33                
                      00045                 #define max_flash 0x1000
                      00046         ENDIF
                      00047 
                      00048         IFDEF __16F886
                      00049                 #include "p16f886.inc"
                      00050 IdTypePIC = 0x36
                      00051                 #define max_flash 0x2000
                      00052         ENDIF
                      00053         
                      00054         IFDEF __16F887
                      00055                 #include "p16f887.inc"
                      00056 IdTypePIC = 0x36                
                      00057                 #define max_flash 0x2000
                      00058         ENDIF
                      00059 
                      00060 
                      00061 ;---------- 18F -------------
                      00062 
                      00063         ; 28/40pin
                      00064         IFDEF __18F252
                      00065                 #include "p18f252.inc"
                      00066 IdTypePIC = 0x41
                      00067                 #define max_flash 0x8000
                      00068         ENDIF
                      00069         IFDEF __18F452
                      00070                 #include "p18f452.inc"
                      00071 IdTypePIC = 0x41
                      00072                 #define max_flash 0x8000
                      00073         ENDIF
                      00074         IFDEF __18F242
                      00075                 #include "p18f242.inc"
                      00076 IdTypePIC = 0x42
                      00077                 #define max_flash 0x4000
                      00078         ENDIF
                      00079         IFDEF __18F442
                      00080                 #include "p18f442.inc"
                      00081 IdTypePIC = 0x42
                      00082                 #define max_flash 0x4000
                      00083         ENDIF
                      00084 
                      00085 
                      00086 
                      00087         IFDEF __18F2520
                      00088                 #include "p18f2520.inc"
                      00089 IdTypePIC = 0x41
                      00090                 #define max_flash 0x8000
MPASM  5.42             TINYBLD18F2550USB.ASM   7-20-2014  18:28:27         PAGE  3


LOC  OBJECT CODE     LINE SOURCE TEXT
  VALUE

                      00091         ENDIF
                      00092         IFDEF __18F4520
                      00093                 #include "p18f4520.inc"
                      00094 IdTypePIC = 0x41
                      00095                 #define max_flash 0x8000
                      00096         ENDIF
                      00097         IFDEF __18F2420
                      00098                 #include "p18f2420.inc"
                      00099 IdTypePIC = 0x42
                      00100                 #define max_flash 0x4000
                      00101         ENDIF
                      00102         IFDEF __18F4420
                      00103                 #include "p18f4420.inc"
                      00104 IdTypePIC = 0x42
                      00105                 #define max_flash 0x4000
                      00106         ENDIF
                      00107         IFDEF __18F4431
                      00108                 #include "p18f4431.inc"
                      00109 IdTypePIC = 0x42
                      00110                 #define max_flash 0x4000
                      00111         ENDIF
                      00112 
                      00113         ; 28/40pin  can2.0
                      00114         IFDEF __18F258
                      00115                 #include <p18f258.inc>
                      00116 IdTypePIC = 0x43
                      00117                 #define max_flash 0x8000
                      00118         ENDIF
                      00119         IFDEF __18F2580
                      00120                 #include <p18f2580.inc>
                      00121 IdTypePIC = 0x43
                      00122                 #define max_flash 0x8000
                      00123         ENDIF
                      00124         IFDEF __18F458
                      00125                 #include <p18f458.inc>
                      00126 IdTypePIC = 0x43
                      00127                 #define max_flash 0x8000
                      00128         ENDIF
                      00129         IFDEF __18F4580
                      00130                 #include <p18f4580.inc>
                      00131 IdTypePIC = 0x43
                      00132                 #define max_flash 0x8000
                      00133         ENDIF
                      00134         IFDEF __18F248
                      00135                 #include <p18f248.inc>
                      00136 IdTypePIC = 0x44
                      00137                 #define max_flash 0x4000
                      00138         ENDIF
                      00139         IFDEF __18F2480
                      00140                 #include <p18f2480.inc>
                      00141 IdTypePIC = 0x44
                      00142                 #define max_flash 0x4000
                      00143         ENDIF
MPASM  5.42             TINYBLD18F2550USB.ASM   7-20-2014  18:28:27         PAGE  4


LOC  OBJECT CODE     LINE SOURCE TEXT
  VALUE

                      00144         IFDEF __18F448
                      00145                 #include <p18f448.inc>
                      00146 IdTypePIC = 0x44
                      00147                 #define max_flash 0x4000
                      00148         ENDIF
                      00149         IFDEF __18F4480
                      00150                 #include <p18f4480.inc>
                      00151 IdTypePIC = 0x44
                      00152                 #define max_flash 0x4000
                      00153         ENDIF
                      00154 
                      00155 
                      00156         ; 18/28pin 6pwm  (some:I2C/SPI)
                      00157         IFDEF __18F1320
                      00158                 #include <p18f1320.inc>
                      00159 IdTypePIC = 0x45
                      00160                 #define max_flash 0x2000
                      00161         ENDIF
                      00162         IFDEF __18F2320
                      00163                 #include <p18f2320.inc>
                      00164 IdTypePIC = 0x45
                      00165                 #define max_flash 0x2000
                      00166         ENDIF
                      00167         IFDEF __18F2331
                      00168                 #include <p18f2331.inc>
                      00169 IdTypePIC = 0x45
                      00170                 #define max_flash 0x2000
                      00171         ENDIF
                      00172         IFDEF __18F1220
                      00173                 #include <p18f1220.inc>
                      00174 IdTypePIC = 0x46
                      00175                 #define max_flash 0x1000
                      00176         ENDIF
                      00177         IFDEF __18F2220
                      00178                 #include <p18f2220.inc>
                      00179 IdTypePIC = 0x46
                      00180                 #define max_flash 0x1000
                      00181         ENDIF
                      00182 
                      00183         
                      00184         ; 40pin  6pwm
                      00185         IFDEF __18F4320
                      00186                 #include <p18f4320.inc>
                      00187 IdTypePIC = 0x47
                      00188                 #define max_flash 0x2000
                      00189         ENDIF
                      00190         IFDEF __18F4331
                      00191                 #include <p18f4331.inc>
                      00192 IdTypePIC = 0x47
                      00193                 #define max_flash 0x2000
                      00194         ENDIF
                      00195 
                      00196         IFDEF __18F4220
MPASM  5.42             TINYBLD18F2550USB.ASM   7-20-2014  18:28:27         PAGE  5


LOC  OBJECT CODE     LINE SOURCE TEXT
  VALUE

                      00197                 #include <p18f4220.inc>
                      00198 IdTypePIC = 0x48
                      00199                 #define max_flash 0x1000
                      00200         ENDIF
                      00201         
                      00202         
                      00203         ; 64/80pin TQFP 2usart
                      00204         IFDEF __18F6720
                      00205                 #include <p18f6720.inc>
                      00206 IdTypePIC = 0x4A
                      00207                 #define max_flash 0x20000
                      00208         ENDIF
                      00209         IFDEF __18F8720
                      00210                 #include <p18f8720.inc>
                      00211 IdTypePIC = 0x4A
                      00212                 #define max_flash 0x20000
                      00213         ENDIF
                      00214         IFDEF __18F6620
                      00215                 #include <p18f6620.inc>
                      00216 IdTypePIC = 0x4B
                      00217                 #define max_flash 0x10000
                      00218         ENDIF
                      00219         IFDEF __18F8620
                      00220                 #include <p18f8620.inc>
                      00221 IdTypePIC = 0x4B
                      00222                 #define max_flash 0x10000
                      00223         ENDIF
                      00224         IFDEF __18F6520
                      00225                 #include <p18f6520.inc>
                      00226 IdTypePIC = 0x4C
                      00227                 #define max_flash 0x8000
                      00228         ENDIF
                      00229         IFDEF __18F8520
                      00230                 #include <p18f8520.inc>
                      00231 IdTypePIC = 0x4C
                      00232                 #define max_flash 0x8000
                      00233         ENDIF
                      00234         IFDEF __18F8680
                      00235                 #include <p18f8680.inc>
                      00236 IdTypePIC = 0x4D
                      00237                 #define max_flash 0x10000
                      00238         ENDIF
                      00239 
                      00240 
                      00241         ;PIC18F 2525/2620/4525/4620  EA-USART, nanoWatt, intOSC
                      00242 
                      00243         IFDEF __18F2525
                      00244                 #include "p18f2525.inc"
                      00245 IdTypePIC = 0x4E
                      00246                 #define max_flash 0xC000
                      00247         ENDIF
                      00248         IFDEF __18F2585
                      00249                 #include "p18f2585.inc"
MPASM  5.42             TINYBLD18F2550USB.ASM   7-20-2014  18:28:27         PAGE  6


LOC  OBJECT CODE     LINE SOURCE TEXT
  VALUE

                      00250 IdTypePIC = 0x4E
                      00251                 #define max_flash 0xC000
                      00252         ENDIF
                      00253         IFDEF __18F4525
                      00254                 #include "p18f4525.inc"
                      00255 IdTypePIC = 0x4E
                      00256                 #define max_flash 0xC000
                      00257         ENDIF
                      00258         IFDEF __18F4585
                      00259                 #include "p18f4585.inc"
                      00260 IdTypePIC = 0x4E
                      00261                 #define max_flash 0xC000
                      00262         ENDIF
                      00263         IFDEF __18F2620
                      00264                 #include "p18f2620.inc"
                      00265 IdTypePIC = 0x4F
                      00266                 #define max_flash 0x10000
                      00267         ENDIF
                      00268         IFDEF __18F2680
                      00269                 #include "p18f2680.inc"
                      00270 IdTypePIC = 0x4F
                      00271                 #define max_flash 0x10000
                      00272         ENDIF
                      00273         IFDEF __18F4620
                      00274                 #include "p18f4620.inc"
                      00275 IdTypePIC = 0x4F
                      00276                 #define max_flash 0x10000
                      00277         ENDIF
                      00278         IFDEF __18F4680
                      00279                 #include "p18f4680.inc"
                      00280 IdTypePIC = 0x4F
                      00281                 #define max_flash 0x10000
                      00282         ENDIF
                      00283 
                      00284 ;---------------- USB ------------------------------
                      00285 
                      00286         IFDEF __18F2550
                      00287                 #include "p18f2550.inc"
                      00288 IdTypePIC = 0x55
                      00289                 #define max_flash 0x8000
                      00290         ENDIF
                      00291         IFDEF __18F4550
                      00292                 #include "p18f4550.inc"
                      00001         LIST
                      00002 
                      00003 ;==========================================================================
                      00004 ;  MPASM PIC18F4550 processor include
                      00005 ; 
                      00006 ;  (c) Copyright 1999-2011 Microchip Technology, All rights reserved
                      00007 ;==========================================================================
                      00008 
                      01761         LIST
  00000055            00293 IdTypePIC = 0x55
MPASM  5.42             TINYBLD18F2550USB.ASM   7-20-2014  18:28:27         PAGE  7


LOC  OBJECT CODE     LINE SOURCE TEXT
  VALUE

                      00294                 #define max_flash 0x8000
                      00295         ENDIF
                      00296         IFDEF __18F2455
                      00297                 #include "p18f2455.inc"
                      00298 IdTypePIC = 0x56
                      00299                 #define max_flash 0x6000
                      00300         ENDIF
                      00301         IFDEF __18F4455
                      00302                 #include "p18f4455.inc"
                      00303 IdTypePIC = 0x56
                      00304                 #define max_flash 0x6000
                      00305         ENDIF
                      00306         IFDEF __18F4685
                      00307                 #include "p18f4685.inc"
                      00308 IdTypePIC = 0x57
                      00309                 #define max_flash 0x18000
                      00310         ENDIF
                      00311 
                      00312         if IdTypePIC==0
                      00313                 error "Pic not yet implemeted"
                      00314         endif
                      00315 
                      00316 
                      00317 
                      00318     IFDEF __18F2685
                      00319             #include <p18f2685.inc>
                      00320 IdTypePIC = 0x57
                      00321             #define max_flash 0x18000 ; 18000
                      00322     ENDIF       
                      00017         #include "../spbrgselect.inc"   ; RoundResult and baud_rate
  00000000            00001 RoundResult SET 0                               ; Rounding function.  RoundResult = Round(aa/bb)
                      00002 Round   macro aa,bb
                      00003         LOCAL rr = aa/bb
                      00004         LOCAL d1 = aa - rr*bb
                      00005         LOCAL d2 = (rr+1)*bb - aa
                      00006 RoundResult = rr
                      00007         if d1 >= d2
                      00008 RoundResult++
                      00009         endif
                      00010         endm
                      00011 
  00000000            00012 AbsResult SET 0
                      00013 Abs             macro nr
                      00014         if nr>=0
                      00015 AbsResult = nr
                      00016         else
                      00017 AbsResult = -nr
                      00018         endif
                      00019         endm
                      00020                 
                      00021         Round xtal,(16*baud)
  001A                    M         LOCAL rr = xtal/(16*baud)
  2C00                    M         LOCAL d1 = xtal - rr*(16*baud)
MPASM  5.42             TINYBLD18F2550USB.ASM   7-20-2014  18:28:27         PAGE  8


LOC  OBJECT CODE     LINE SOURCE TEXT
  VALUE

  F400                    M         LOCAL d2 = (rr+1)*(16*baud) - xtal
  0000001A                M RoundResult = rr
                          M         if d1 >= d2
                          M RoundResult++
                          M         endif
  00000019            00022 spbrg_value EQU RoundResult-1
                      00023 
                      00024         Round xtal,(16*(spbrg_value+1))
  C2B8                    M         LOCAL rr = xtal/(16*(spbrg_value+1))
  0100                    M         LOCAL d1 = xtal - rr*(16*(spbrg_value+1))
  00A0                    M         LOCAL d2 = (rr+1)*(16*(spbrg_value+1)) - xtal
  0001C2B8                M RoundResult = rr
                          M         if d1 >= d2
  0001C2B9                M RoundResult++
                          M         endif
  0001C2B9            00025 baud_real EQU RoundResult
                      00026         Abs(baud_real-baud)
                          M         if (baud_real-baud)>=0
  000000B9                M AbsResult = (baud_real-baud)
                          M         else
                          M AbsResult = -(baud_real-baud)
                          M         endif
  00000000            00027 errpercent EQU AbsResult*100/baud
                      00028         if errpercent > 4
                      00029                 ERROR big error in baudrate: 0%
                      00030         endif
                      00031         if errpercent >= 2
                      00032                 messg baudrate not exact: 0%
                      00033         endif
                      00018 
                      00019                 #define first_address max_flash-200             ;100 words
                      00020 
Warning[230]: __CONFIG has been deprecated for PIC18 devices.  Use directive CONFIG.
                      00021         __config        _CONFIG1L, _PLLDIV_1_1L & _CPUDIV_OSC1_PLL2_1L & _USBDIV_2_1L
Warning[230]: __CONFIG has been deprecated for PIC18 devices.  Use directive CONFIG.
300000 32E0           00022     __config    _CONFIG1H, _FOSC_XTPLL_XT_1H & _FCMEN_OFF_1H & _IESO_OFF_1H 
Warning[230]: __CONFIG has been deprecated for PIC18 devices.  Use directive CONFIG.
                      00023     __config    _CONFIG2L, _PWRT_OFF_2L & _BOR_OFF_2L  & _VREGEN_OFF_2L
Warning[230]: __CONFIG has been deprecated for PIC18 devices.  Use directive CONFIG.
300002 FED9           00024     __config    _CONFIG2H, _WDT_OFF_2H & _WDTPS_32768_2H
Warning[230]: __CONFIG has been deprecated for PIC18 devices.  Use directive CONFIG.
300004 FDFF           00025     __config    _CONFIG3H, _CCP2MX_ON_3H & _PBADEN_OFF_3H  & _MCLRE_ON_3H
Warning[230]: __CONFIG has been deprecated for PIC18 devices.  Use directive CONFIG.
300006 FFBA           00026     __config    _CONFIG4L, _DEBUG_OFF_4L & _LVP_OFF_4L & _STVREN_OFF_4L & _XINST_OFF_4L
                      00027 
Warning[230]: __CONFIG has been deprecated for PIC18 devices.  Use directive CONFIG.
                      00028     __config    _CONFIG5L, _CP0_OFF_5L & _CP1_OFF_5L & _CP2_OFF_5L & _CP3_OFF_5L
Warning[230]: __CONFIG has been deprecated for PIC18 devices.  Use directive CONFIG.
300008 FFFF           00029     __config    _CONFIG5H, _CPB_OFF_5H & _CPD_OFF_5H
Warning[230]: __CONFIG has been deprecated for PIC18 devices.  Use directive CONFIG.
                      00030     __config    _CONFIG6L, _WRT0_OFF_6L & _WRT1_OFF_6L & _WRT2_OFF_6L & _WRT3_OFF_6L
Warning[230]: __CONFIG has been deprecated for PIC18 devices.  Use directive CONFIG.
30000A FFFF           00031     __config    _CONFIG6H, _WRTC_OFF_6H & _WRTB_OFF_6H & _WRTD_OFF_6H
MPASM  5.42             TINYBLD18F2550USB.ASM   7-20-2014  18:28:27         PAGE  9


LOC  OBJECT CODE     LINE SOURCE TEXT
  VALUE

Warning[230]: __CONFIG has been deprecated for PIC18 devices.  Use directive CONFIG.
                      00032     __config    _CONFIG7L, _EBTR0_OFF_7L & _EBTR1_OFF_7L & _EBTR2_OFF_7L & _EBTR3_OFF_7L
Warning[230]: __CONFIG has been deprecated for PIC18 devices.  Use directive CONFIG.
30000C FFFF           00033     __config    _CONFIG7H, _EBTRB_OFF_7H
                      00034 
                      00035 
                      00036 ;----------------------------- PROGRAM ---------------------------------
                      00037         cblock 0
  00000000            00038         crc
  00000001            00039         i
  00000002            00040         cnt1
  00000003            00041         cnt2
  00000004            00042         cnt3
  00000005            00043         counter_hi
  00000006            00044         counter_lo
  00000007            00045         flag
                      00046         endc
                      00047         cblock 10
  0000000A            00048         buffer:64
                      00049         endc
                      00050         
                      00051 SendL macro car
                      00052         movlw car
                      00053         movwf TXREG
                      00054         endm
                      00055         
                      00056 ;0000000000000000000000000 RESET 00000000000000000000000000
                      00057 
000000                00058                 ORG     0x0000
000000 EFA0 F03F      00059                 GOTO    IntrareBootloader
                      00060 
                      00061 ;view with TabSize=4
                      00062 ;&&&&&&&&&&&&&&&&&&&&&&&   START     &&&&&&&&&&&&&&&&&&&&&&
                      00063 ;----------------------  Bootloader  ----------------------
                      00064 ;PC_flash:              C1h                             U               H               L               
                            x  ...  <64 bytes>   ...  crc   
                      00065 ;PC_eeprom:             C1h                             40h   EEADR   EEDATA    0               crc     
                                                            
                      00066 ;PC_cfg                 C1h                     U OR 80h        H               L               1       
                                    byte    crc
                      00067 ;PIC_response:     type `K`
                      00068         
007F38                00069         ORG first_address                       ;space to deposit first 4 instr. of user prog.
007F38 0000           00070         nop
007F3A 0000           00071         nop
007F3C 0000           00072         nop
007F3E 0000           00073         nop
007F40                00074         org first_address+8
007F40                00075 IntrareBootloader
                      00076         ;skip TRIS to 0 C6                      ;init serial port
                      00077         ;use only SPBRG (8 bit mode default) not using BAUDCON
007F40 0E19           00078         movlw spbrg_value
007F42 6EAF           00079         movwf SPBRG
MPASM  5.42             TINYBLD18F2550USB.ASM   7-20-2014  18:28:27         PAGE 10


LOC  OBJECT CODE     LINE SOURCE TEXT
  VALUE

                      00080 
007F44 0E90           00081         movlw b'10010000'
007F46 6EAB           00082         movwf RCSTA
                      00083 
007F48 0E24           00084         movlw b'00100100'
007F4A 6EAC           00085         movwf TXSTA
                      00086 
                      00087         ;wait for computer
007F4C D846           00088         rcall Receive                   
007F4E 08C1           00089         sublw 0xC1                              ;Expect C1h
007F50 E153           00090         bnz way_to_exit
                      00091         SendL IdTypePIC                         ;send PIC type
007F52 0E55               M         movlw IdTypePIC
007F54 6EAD               M         movwf TXREG
007F56                00092 MainLoop
                      00093         SendL 'K'                               ; "-Everything OK, ready and waiting."
007F56 0E4B               M         movlw 'K'
007F58 6EAD               M         movwf TXREG
007F5A                00094 mainl
007F5A 6A00           00095         clrf crc
007F5C D83E           00096         rcall Receive                   ;Upper
007F5E 6EF8           00097         movwf TBLPTRU
007F60 6E07           00098                 movwf flag                      ;(for EEPROM and CFG cases)
007F62 D83B           00099         rcall Receive                   ;Hi
007F64 6EF7           00100         movwf TBLPTRH
007F66 6EA9           00101                 movwf EEADR                     ;(for EEPROM case)
007F68 D838           00102         rcall Receive                   ;Lo
007F6A 6EF6           00103         movwf TBLPTRL
007F6C 6EA8           00104                 movwf EEDATA            ;(for EEPROM case)
                      00105 
007F6E D835           00106         rcall Receive                   ;count
007F70 6E01           00107         movwf i
007F72 2A01           00108         incf i
007F74 EE00 F009      00109         lfsr FSR0, (buffer-1)
007F78                00110 rcvoct                                          ;read 64+1 bytes
007F78 6EF5           00111                 movwf TABLAT            ;prepare for cfg; => store byte before crc
007F7A D82F           00112         rcall Receive
007F7C 6EEC           00113         movwf PREINC0
007F7E 2E01           00114         decfsz i
007F80 D7FB           00115         bra rcvoct
                      00116         
007F82 6600           00117         tstfsz crc                              ;check crc
007F84 D01F           00118         bra ziieroare
007F86 AC07           00119                 btfss flag,6            ;is EEPROM data?
007F88 D003           00120                 bra noeeprom
007F8A 0E04           00121                 movlw b'00000100'       ;Setup eeprom
007F8C D81E           00122                 rcall Write
007F8E D018           00123                 bra waitwre
007F90                00124 noeeprom
007F90 AE07           00125                 btfss flag,7            ;is CFG data?
007F92 D004           00126                 bra noconfig
007F94 000C           00127                 tblwt*                          ;write TABLAT(byte before crc) to TBLPTR***
007F96 0EC4           00128                 movlw b'11000100'       ;Setup cfg
MPASM  5.42             TINYBLD18F2550USB.ASM   7-20-2014  18:28:27         PAGE 11


LOC  OBJECT CODE     LINE SOURCE TEXT
  VALUE

007F98 D818           00129                 rcall Write
007F9A D012           00130                 bra waitwre
007F9C                00131 noconfig
                      00132                                                         ;write
007F9C                00133 eraseloop
007F9C 0E94           00134         movlw   b'10010100'             ; Setup erase
007F9E D815           00135         rcall Write
007FA0 000A           00136         TBLRD*-                                 ; point to adr-1
                      00137         
007FA2                00138 writebigloop    
007FA2 0E02           00139         movlw 2                                 ; 2groups
007FA4 6E05           00140         movwf counter_hi
007FA6 EE00 F00A      00141         lfsr FSR0,buffer
007FAA                00142 writesloop
007FAA 0E20           00143         movlw 32                                ; 32bytes = 4instr
007FAC 6E06           00144         movwf counter_lo
007FAE                00145 writebyte
007FAE 50EE           00146         movf POSTINC0,w                 ; put 1 byte
007FB0 6EF5           00147         movwf TABLAT
007FB2 000F           00148         tblwt+*
007FB4 2E06           00149         decfsz counter_lo
007FB6 D7FB           00150         bra writebyte
                      00151         
007FB8 0E84           00152         movlw   b'10000100'             ; Setup writes
007FBA D807           00153         rcall Write
007FBC 2E05           00154         decfsz counter_hi
007FBE D7F5           00155         bra writesloop
007FC0                00156 waitwre 
                      00157         ;btfsc EECON1,WR                ;for eeprom writes (wait to finish write)
                      00158         ;bra waitwre                    ;no need: round trip time with PC bigger than 4ms
                      00159         
007FC0 94A6           00160         bcf EECON1,WREN                 ;disable writes
007FC2 D7C9           00161         bra MainLoop
                      00162         
007FC4                00163 ziieroare                                       ;CRC failed
                      00164         SendL 'N'
007FC4 0E4E               M         movlw 'N'
007FC6 6EAD               M         movwf TXREG
007FC8 D7C8           00165         bra mainl
                      00166           
                      00167 ;******** procedures ******************
                      00168 
007FCA                00169 Write
007FCA 6EA6           00170         movwf EECON1
007FCC 0E55           00171         movlw 0x55
007FCE 6EA7           00172         movwf EECON2
007FD0 0EAA           00173         movlw 0xAA
007FD2 6EA7           00174         movwf EECON2
007FD4 82A6           00175         bsf EECON1,WR                   ;WRITE
007FD6 0000           00176         nop
                      00177         ;nop
007FD8 0012           00178         return
                      00179 
MPASM  5.42             TINYBLD18F2550USB.ASM   7-20-2014  18:28:27         PAGE 12


LOC  OBJECT CODE     LINE SOURCE TEXT
  VALUE

                      00180 
007FDA                00181 Receive
007FDA 0E19           00182         movlw xtal/2000000+1    ; for 20MHz => 11 => 1second delay
007FDC 6E02           00183         movwf cnt1
007FDE                00184 rpt2                                            
007FDE 6A03           00185         clrf cnt2
007FE0                00186 rpt3
007FE0 6A04           00187         clrf cnt3
007FE2                00188 rptc
007FE2 AA9E           00189                 btfss PIR1,RCIF                 ;test RX
007FE4 D003           00190                 bra notrcv
007FE6 50AE           00191             movf RCREG,w                        ;return read data in W
007FE8 2600           00192             addwf crc,f                         ;compute crc
007FEA 0012           00193                 return
007FEC                00194 notrcv
007FEC 2E04           00195         decfsz cnt3
007FEE D7F9           00196         bra rptc
007FF0 2E03           00197         decfsz cnt2
007FF2 D7F6           00198         bra rpt3
007FF4 2E02           00199         decfsz cnt1
007FF6 D7F3           00200         bra rpt2
                      00201         ;timeout:
007FF8                00202 way_to_exit
007FF8 9EAB           00203         bcf     RCSTA,  SPEN                    ; deactivate UART
007FFA D79E           00204         bra first_address
                      00205 ;*************************************************************
                      00206 ; After reset
                      00207 ; Do not expect the memory to be zero,
                      00208 ; Do not expect registers to be initialised like in catalog.
                      00209 
                      00210             END
MPASM  5.42             TINYBLD18F2550USB.ASM   7-20-2014  18:28:27         PAGE 13


SYMBOL TABLE
  LABEL                             VALUE 

A                                 00000000
ABDEN                             00000000
ABDOVF                            00000007
ACCESS                            00000000
ACKDT                             00000005
ACKEN                             00000004
ACKSTAT                           00000006
ACQT0                             00000003
ACQT1                             00000004
ACQT2                             00000005
ACTVIE                            00000002
ACTVIF                            00000002
ADCON0                            00000FC2
ADCON1                            00000FC1
ADCON2                            00000FC0
ADCS0                             00000000
ADCS1                             00000001
ADCS2                             00000002
ADDEN                             00000003
ADDR0                             00000000
ADDR1                             00000001
ADDR2                             00000002
ADDR3                             00000003
ADDR4                             00000004
ADDR5                             00000005
ADDR6                             00000006
ADEN                              00000003
ADFM                              00000007
ADIE                              00000006
ADIF                              00000006
ADIP                              00000006
ADON                              00000000
ADRES                             00000FC3
ADRESH                            00000FC4
ADRESL                            00000FC3
AN0                               00000000
AN1                               00000001
AN2                               00000002
AN3                               00000003
AN4                               00000005
Abs                               
AbsResult                         000000B9
BANKED                            00000001
BAUDCON                           00000FB8
BAUDCTL                           00000FB8
BCLIE                             00000003
BCLIF                             00000003
BCLIP                             00000003
BF                                00000000
BGST                              00000005
BOR                               00000000
BRG16                             00000003
BRGH                              00000002
MPASM  5.42             TINYBLD18F2550USB.ASM   7-20-2014  18:28:27         PAGE 14


SYMBOL TABLE
  LABEL                             VALUE 

BSR                               00000FE0
BTOEE                             00000004
BTOEF                             00000004
BTSEE                             00000007
BTSEF                             00000007
C                                 00000000
C1INV                             00000004
C1OUT                             00000006
C2INV                             00000005
C2OUT                             00000007
CCP1                              00000002
CCP1AS                            00000FB6
CCP1CON                           00000FBD
CCP1DEL                           00000FB7
CCP1IE                            00000002
CCP1IF                            00000002
CCP1IP                            00000002
CCP1M0                            00000000
CCP1M1                            00000001
CCP1M2                            00000002
CCP1M3                            00000003
CCP2CON                           00000FBA
CCP2IE                            00000000
CCP2IF                            00000000
CCP2IP                            00000000
CCP2M0                            00000000
CCP2M1                            00000001
CCP2M2                            00000002
CCP2M3                            00000003
CCPR1                             00000FBE
CCPR1H                            00000FBF
CCPR1L                            00000FBE
CCPR2                             00000FBB
CCPR2H                            00000FBC
CCPR2L                            00000FBB
CFGS                              00000006
CHS0                              00000002
CHS1                              00000003
CHS2                              00000004
CHS3                              00000005
CIS                               00000003
CK                                00000006
CK1SPP                            00000000
CK2SPP                            00000001
CKE                               00000006
CKP                               00000004
CLK1EN                            00000004
CLKCFG0                           00000006
CLKCFG1                           00000007
CM0                               00000000
CM1                               00000001
CM2                               00000002
CMCON                             00000FB4
MPASM  5.42             TINYBLD18F2550USB.ASM   7-20-2014  18:28:27         PAGE 15


SYMBOL TABLE
  LABEL                             VALUE 

CMIE                              00000006
CMIF                              00000006
CMIP                              00000006
CRC16EE                           00000002
CRC16EF                           00000002
CRC5EE                            00000001
CRC5EF                            00000001
CREN                              00000004
CSEN                              00000005
CSRC                              00000007
CVR0                              00000000
CVR1                              00000001
CVR2                              00000002
CVR3                              00000003
CVRCON                            00000FB5
CVREF                             00000004
CVREN                             00000007
CVROE                             00000006
CVRR                              00000005
CVRSS                             00000004
D                                 00000005
DATA_ADDRESS                      00000005
DC                                00000001
DC1B0                             00000004
DC1B1                             00000005
DC2B0                             00000004
DC2B1                             00000005
DDRA                              TRISA
DDRB                              TRISB
DDRC                              TRISC
DDRD                              TRISD
DDRE                              TRISE
DFN8EE                            00000003
DFN8EF                            00000003
DIR                               00000002
DONE                              00000001
D_A                               00000005
D_NOT_A                           00000005
ECCP1AS                           00000FB6
ECCP1CON                          00000FBD
ECCP1DEL                          00000FB7
ECCPAS0                           00000004
ECCPAS1                           00000005
ECCPAS2                           00000006
ECCPASE                           00000007
EEADR                             00000FA9
EECON1                            00000FA6
EECON2                            00000FA7
EEDATA                            00000FA8
EEIE                              00000004
EEIF                              00000004
EEIP                              00000004
EEPGD                             00000007
MPASM  5.42             TINYBLD18F2550USB.ASM   7-20-2014  18:28:27         PAGE 16


SYMBOL TABLE
  LABEL                             VALUE 

ENDP0                             00000003
ENDP1                             00000004
ENDP2                             00000005
ENDP3                             00000006
EPCONDIS                          00000003
EPHSHK                            00000004
EPINEN                            00000001
EPOUTEN                           00000002
EPSTALL                           00000000
FAST                              00000001
FERR                              00000002
FLTS                              00000002
FREE                              00000004
FRM0                              00000000
FRM1                              00000001
FRM10                             00000002
FRM2                              00000002
FRM3                              00000003
FRM4                              00000004
FRM5                              00000005
FRM6                              00000006
FRM7                              00000007
FRM8                              00000000
FRM9                              00000001
FSEN                              00000002
FSR0                              00000000
FSR0H                             00000FEA
FSR0L                             00000FE9
FSR1                              00000001
FSR1H                             00000FE2
FSR1L                             00000FE1
FSR2                              00000002
FSR2H                             00000FDA
FSR2L                             00000FD9
GCEN                              00000007
GIE                               00000007
GIEH                              00000007
GIEL                              00000006
GIE_GIEH                          00000007
GO                                00000001
GO_DONE                           00000001
GO_NOT_DONE                       00000001
HLVDCON                           00000FD2
HLVDEN                            00000004
HLVDIE                            00000002
HLVDIF                            00000002
HLVDIN                            00000005
HLVDIP                            00000002
HLVDL0                            00000000
HLVDL1                            00000001
HLVDL2                            00000002
HLVDL3                            00000003
I2C_DAT                           00000005
MPASM  5.42             TINYBLD18F2550USB.ASM   7-20-2014  18:28:27         PAGE 17


SYMBOL TABLE
  LABEL                             VALUE 

I2C_READ                          00000002
I2C_START                         00000003
I2C_STOP                          00000004
IDLEIE                            00000004
IDLEIF                            00000004
IDLEN                             00000007
INDF0                             00000FEF
INDF1                             00000FE7
INDF2                             00000FDF
INT0                              00000000
INT0E                             00000004
INT0F                             00000001
INT0IE                            00000004
INT0IF                            00000001
INT1                              00000001
INT1E                             00000003
INT1F                             00000000
INT1IE                            00000003
INT1IF                            00000000
INT1IP                            00000006
INT1P                             00000006
INT2                              00000002
INT2E                             00000004
INT2F                             00000001
INT2IE                            00000004
INT2IF                            00000001
INT2IP                            00000007
INT2P                             00000007
INTCON                            00000FF2
INTCON2                           00000FF1
INTCON3                           00000FF0
INTEDG0                           00000006
INTEDG1                           00000005
INTEDG2                           00000004
INTSRC                            00000007
IOFS                              00000002
IPEN                              00000007
IPR1                              00000F9F
IPR2                              00000FA2
IRCF0                             00000004
IRCF1                             00000005
IRCF2                             00000006
IRVST                             00000005
IVRST                             00000005
IdTypePIC                         00000055
IntrareBootloader                 00007F40
LATA                              00000F89
LATA0                             00000000
LATA1                             00000001
LATA2                             00000002
LATA3                             00000003
LATA4                             00000004
LATA5                             00000005
MPASM  5.42             TINYBLD18F2550USB.ASM   7-20-2014  18:28:27         PAGE 18


SYMBOL TABLE
  LABEL                             VALUE 

LATA6                             00000006
LATB                              00000F8A
LATB0                             00000000
LATB1                             00000001
LATB2                             00000002
LATB3                             00000003
LATB4                             00000004
LATB5                             00000005
LATB6                             00000006
LATB7                             00000007
LATC                              00000F8B
LATC0                             00000000
LATC1                             00000001
LATC2                             00000002
LATC6                             00000006
LATC7                             00000007
LATD                              00000F8C
LATD0                             00000000
LATD1                             00000001
LATD2                             00000002
LATD3                             00000003
LATD4                             00000004
LATD5                             00000005
LATD6                             00000006
LATD7                             00000007
LATE                              00000F8D
LATE0                             00000000
LATE1                             00000001
LATE2                             00000002
LVDCON                            00000FD2
LVDEN                             00000004
LVDIE                             00000002
LVDIF                             00000002
LVDIN                             00000005
LVDIP                             00000002
LVDL0                             00000000
LVDL1                             00000001
LVDL2                             00000002
LVDL3                             00000003
LVV0                              00000000
LVV1                              00000001
LVV2                              00000002
LVV3                              00000003
MainLoop                          00007F56
N                                 00000004
NOT_A                             00000005
NOT_ADDRESS                       00000005
NOT_BOR                           00000000
NOT_DONE                          00000001
NOT_IPEN                          00000007
NOT_PD                            00000002
NOT_POR                           00000001
NOT_RBPU                          00000007
MPASM  5.42             TINYBLD18F2550USB.ASM   7-20-2014  18:28:27         PAGE 19


SYMBOL TABLE
  LABEL                             VALUE 

NOT_RI                            00000004
NOT_T1SYNC                        00000002
NOT_T3SYNC                        00000002
NOT_TO                            00000003
NOT_W                             00000002
NOT_WRITE                         00000002
OERR                              00000001
OESPP                             00000002
OSC2                              00000006
OSCCON                            00000FD3
OSCFIE                            00000007
OSCFIF                            00000007
OSCFIP                            00000007
OSCTUNE                           00000F9B
OSTS                              00000003
OV                                00000003
P                                 00000004
P1A                               00000002
P1M0                              00000006
P1M1                              00000007
PC                                00000FF9
PCFG0                             00000000
PCFG1                             00000001
PCFG2                             00000002
PCFG3                             00000003
PCL                               00000FF9
PCLATH                            00000FFA
PCLATU                            00000FFB
PD                                00000002
PDC0                              00000000
PDC1                              00000001
PDC2                              00000002
PDC3                              00000003
PDC4                              00000004
PDC5                              00000005
PDC6                              00000006
PEIE                              00000006
PEIE_GIEL                         00000006
PEN                               00000002
PGC                               00000006
PGD                               00000007
PGM                               00000005
PIDEE                             00000000
PIDEF                             00000000
PIE1                              00000F9D
PIE2                              00000FA0
PIR1                              00000F9E
PIR2                              00000FA1
PKTDIS                            00000004
PLUSW0                            00000FEB
PLUSW1                            00000FE3
PLUSW2                            00000FDB
POR                               00000001
MPASM  5.42             TINYBLD18F2550USB.ASM   7-20-2014  18:28:27         PAGE 20


SYMBOL TABLE
  LABEL                             VALUE 

PORTA                             00000F80
PORTB                             00000F81
PORTC                             00000F82
PORTD                             00000F83
PORTE                             00000F84
POSTDEC0                          00000FED
POSTDEC1                          00000FE5
POSTDEC2                          00000FDD
POSTINC0                          00000FEE
POSTINC1                          00000FE6
POSTINC2                          00000FDE
PPB0                              00000000
PPB1                              00000001
PPBI                              00000001
PPBRST                            00000006
PR2                               00000FCB
PREINC0                           00000FEC
PREINC1                           00000FE4
PREINC2                           00000FDC
PROD                              00000FF3
PRODH                             00000FF4
PRODL                             00000FF3
PRSEN                             00000007
PSA                               00000003
PSSAC0                            00000002
PSSAC1                            00000003
PSSBD0                            00000000
PSSBD1                            00000001
R                                 00000002
RA0                               00000000
RA1                               00000001
RA2                               00000002
RA3                               00000003
RA4                               00000004
RA5                               00000005
RA6                               00000006
RB0                               00000000
RB1                               00000001
RB2                               00000002
RB3                               00000003
RB4                               00000004
RB5                               00000005
RB6                               00000006
RB7                               00000007
RBIE                              00000003
RBIF                              00000000
RBIP                              00000000
RBPU                              00000007
RC0                               00000000
RC1                               00000001
RC2                               00000002
RC4                               00000004
RC5                               00000005
MPASM  5.42             TINYBLD18F2550USB.ASM   7-20-2014  18:28:27         PAGE 21


SYMBOL TABLE
  LABEL                             VALUE 

RC6                               00000006
RC7                               00000007
RCEN                              00000003
RCIDL                             00000006
RCIE                              00000005
RCIF                              00000005
RCIP                              00000005
RCMT                              00000006
RCON                              00000FD0
RCREG                             00000FAE
RCSTA                             00000FAB
RD                                00000000
RD0                               00000000
RD1                               00000001
RD16                              00000007
RD2                               00000002
RD3                               00000003
RD4                               00000004
RD5                               00000005
RD6                               00000006
RD7                               00000007
RDPU                              00000007
RDSPP                             00000007
RE0                               00000000
RE1                               00000001
RE2                               00000002
RE3                               00000003
READ_WRITE                        00000002
RESUME                            00000002
RI                                00000004
RSEN                              00000001
RX                                00000007
RX9                               00000006
RX9D                              00000000
RXDTP                             00000005
R_NOT_W                           00000002
R_W                               00000002
Receive                           00007FDA
Round                             
RoundResult                       0001C2B9
S                                 00000003
SBOREN                            00000006
SCKP                              00000004
SCS0                              00000000
SCS1                              00000001
SE0                               00000005
SEN                               00000000
SENDB                             00000003
SMP                               00000007
SOFIE                             00000006
SOFIF                             00000006
SPBRG                             00000FAF
SPBRGH                            00000FB0
MPASM  5.42             TINYBLD18F2550USB.ASM   7-20-2014  18:28:27         PAGE 22


SYMBOL TABLE
  LABEL                             VALUE 

SPEN                              00000007
SPP0                              00000000
SPP1                              00000001
SPP2                              00000002
SPP3                              00000003
SPP4                              00000004
SPP5                              00000005
SPP6                              00000006
SPP7                              00000007
SPPBUSY                           00000004
SPPCFG                            00000F63
SPPCON                            00000F65
SPPDATA                           00000F62
SPPEN                             00000000
SPPEPS                            00000F64
SPPIE                             00000007
SPPIF                             00000007
SPPIP                             00000007
SPPOWN                            00000001
SREN                              00000005
SSPADD                            00000FC8
SSPBUF                            00000FC9
SSPCON1                           00000FC6
SSPCON2                           00000FC5
SSPEN                             00000005
SSPIE                             00000003
SSPIF                             00000003
SSPIP                             00000003
SSPM0                             00000000
SSPM1                             00000001
SSPM2                             00000002
SSPM3                             00000003
SSPOV                             00000006
SSPSTAT                           00000FC7
STALLIE                           00000005
STALLIF                           00000005
STATUS                            00000FD8
STKFUL                            00000007
STKOVF                            00000007
STKPTR                            00000FFC
STKPTR0                           00000000
STKPTR1                           00000001
STKPTR2                           00000002
STKPTR3                           00000003
STKPTR4                           00000004
STKUNF                            00000006
SUSPND                            00000001
SWDTE                             00000000
SWDTEN                            00000000
SYNC                              00000004
SendL                             
T08BIT                            00000006
T0CKI                             00000004
MPASM  5.42             TINYBLD18F2550USB.ASM   7-20-2014  18:28:27         PAGE 23


SYMBOL TABLE
  LABEL                             VALUE 

T0CON                             00000FD5
T0CS                              00000005
T0IE                              00000005
T0IF                              00000002
T0IP                              00000002
T0PS0                             00000000
T0PS1                             00000001
T0PS2                             00000002
T0SE                              00000004
T13CKI                            00000000
T1CKPS0                           00000004
T1CKPS1                           00000005
T1CON                             00000FCD
T1OSCEN                           00000003
T1OSI                             00000001
T1OSO                             00000000
T1RUN                             00000006
T1SYNC                            00000002
T2CKPS0                           00000000
T2CKPS1                           00000001
T2CON                             00000FCA
T2OUTPS0                          00000003
T2OUTPS1                          00000004
T2OUTPS2                          00000005
T2OUTPS3                          00000006
T3CCP1                            00000003
T3CCP2                            00000006
T3CKPS0                           00000004
T3CKPS1                           00000005
T3CON                             00000FB1
T3NSYNC                           00000002
T3SYNC                            00000002
TABLAT                            00000FF5
TBLPTR                            00000FF6
TBLPTRH                           00000FF7
TBLPTRL                           00000FF6
TBLPTRU                           00000FF8
TMR0H                             00000FD7
TMR0IE                            00000005
TMR0IF                            00000002
TMR0IP                            00000002
TMR0L                             00000FD6
TMR0ON                            00000007
TMR1CS                            00000001
TMR1H                             00000FCF
TMR1IE                            00000000
TMR1IF                            00000000
TMR1IP                            00000000
TMR1L                             00000FCE
TMR1ON                            00000000
TMR2                              00000FCC
TMR2IE                            00000001
TMR2IF                            00000001
MPASM  5.42             TINYBLD18F2550USB.ASM   7-20-2014  18:28:27         PAGE 24


SYMBOL TABLE
  LABEL                             VALUE 

TMR2IP                            00000001
TMR2ON                            00000002
TMR3CS                            00000001
TMR3H                             00000FB3
TMR3IE                            00000001
TMR3IF                            00000001
TMR3IP                            00000001
TMR3L                             00000FB2
TMR3ON                            00000000
TO                                00000003
TOS                               00000FFD
TOSH                              00000FFE
TOSL                              00000FFD
TOSU                              00000FFF
TOUTPS0                           00000003
TOUTPS1                           00000004
TOUTPS2                           00000005
TOUTPS3                           00000006
TRISA                             00000F92
TRISA0                            00000000
TRISA1                            00000001
TRISA2                            00000002
TRISA3                            00000003
TRISA4                            00000004
TRISA5                            00000005
TRISA6                            00000006
TRISB                             00000F93
TRISB0                            00000000
TRISB1                            00000001
TRISB2                            00000002
TRISB3                            00000003
TRISB4                            00000004
TRISB5                            00000005
TRISB6                            00000006
TRISB7                            00000007
TRISC                             00000F94
TRISC0                            00000000
TRISC1                            00000001
TRISC2                            00000002
TRISC6                            00000006
TRISC7                            00000007
TRISD                             00000F95
TRISD0                            00000000
TRISD1                            00000001
TRISD2                            00000002
TRISD3                            00000003
TRISD4                            00000004
TRISD5                            00000005
TRISD6                            00000006
TRISD7                            00000007
TRISE                             00000F96
TRISE0                            00000000
TRISE1                            00000001
MPASM  5.42             TINYBLD18F2550USB.ASM   7-20-2014  18:28:27         PAGE 25


SYMBOL TABLE
  LABEL                             VALUE 

TRISE2                            00000002
TRMT                              00000001
TRNIE                             00000003
TRNIF                             00000003
TUN0                              00000000
TUN1                              00000001
TUN2                              00000002
TUN3                              00000003
TUN4                              00000004
TX                                00000006
TX9                               00000006
TX9D                              00000000
TXCKP                             00000004
TXEN                              00000005
TXIE                              00000004
TXIF                              00000004
TXIP                              00000004
TXREG                             00000FAD
TXSTA                             00000FAC
UA                                00000001
UADDR                             00000F6E
UCFG                              00000F6F
UCON                              00000F6D
UEIE                              00000F6B
UEIR                              00000F6A
UEP0                              00000F70
UEP1                              00000F71
UEP10                             00000F7A
UEP11                             00000F7B
UEP12                             00000F7C
UEP13                             00000F7D
UEP14                             00000F7E
UEP15                             00000F7F
UEP2                              00000F72
UEP3                              00000F73
UEP4                              00000F74
UEP5                              00000F75
UEP6                              00000F76
UEP7                              00000F77
UEP8                              00000F78
UEP9                              00000F79
UERRIE                            00000001
UERRIF                            00000001
UFRM                              00000F66
UFRMH                             00000F67
UFRML                             00000F66
UIE                               00000F69
UIR                               00000F68
UOEMON                            00000006
UPUEN                             00000004
URSTIE                            00000000
URSTIF                            00000000
USBEN                             00000003
MPASM  5.42             TINYBLD18F2550USB.ASM   7-20-2014  18:28:27         PAGE 26


SYMBOL TABLE
  LABEL                             VALUE 

USBIE                             00000005
USBIF                             00000005
USBIP                             00000005
USTAT                             00000F6C
UTEYE                             00000007
UTRDIS                            00000003
VCFG0                             00000004
VCFG1                             00000005
VDIRMAG                           00000007
VREFM                             00000002
VREFP                             00000003
W                                 00000000
WCOL                              00000007
WDTCON                            00000FD1
WR                                00000001
WREG                              00000FE8
WREN                              00000002
WRERR                             00000003
WRSPP                             00000006
WS0                               00000000
WS1                               00000001
WS2                               00000002
WS3                               00000003
WUE                               00000001
Write                             00007FCA
Z                                 00000002
_BORV_0_2L                        000000E7
_BORV_1_2L                        000000EF
_BORV_2_2L                        000000F7
_BORV_3_2L                        000000FF
_BOR_OFF_2L                       000000F9
_BOR_ON_2L                        000000FF
_BOR_ON_ACTIVE_2L                 000000FD
_BOR_SOFT_2L                      000000FB
_CCP2MX_OFF_3H                    000000FE
_CCP2MX_ON_3H                     000000FF
_CONFIG1H                         00300001
_CONFIG1L                         00300000
_CONFIG2H                         00300003
_CONFIG2L                         00300002
_CONFIG3H                         00300005
_CONFIG4L                         00300006
_CONFIG5H                         00300009
_CONFIG5L                         00300008
_CONFIG6H                         0030000B
_CONFIG6L                         0030000A
_CONFIG7H                         0030000D
_CONFIG7L                         0030000C
_CP0_OFF_5L                       000000FF
_CP0_ON_5L                        000000FE
_CP1_OFF_5L                       000000FF
_CP1_ON_5L                        000000FD
_CP2_OFF_5L                       000000FF
MPASM  5.42             TINYBLD18F2550USB.ASM   7-20-2014  18:28:27         PAGE 27


SYMBOL TABLE
  LABEL                             VALUE 

_CP2_ON_5L                        000000FB
_CP3_OFF_5L                       000000FF
_CP3_ON_5L                        000000F7
_CPB_OFF_5H                       000000FF
_CPB_ON_5H                        000000BF
_CPD_OFF_5H                       000000FF
_CPD_ON_5H                        0000007F
_CPUDIV_OSC1_PLL2_1L              000000E7
_CPUDIV_OSC2_PLL3_1L              000000EF
_CPUDIV_OSC3_PLL4_1L              000000F7
_CPUDIV_OSC4_PLL6_1L              000000FF
_DEBUG_OFF_4L                     000000FF
_DEBUG_ON_4L                      0000007F
_DEVID1                           003FFFFE
_DEVID2                           003FFFFF
_EBTR0_OFF_7L                     000000FF
_EBTR0_ON_7L                      000000FE
_EBTR1_OFF_7L                     000000FF
_EBTR1_ON_7L                      000000FD
_EBTR2_OFF_7L                     000000FF
_EBTR2_ON_7L                      000000FB
_EBTR3_OFF_7L                     000000FF
_EBTR3_ON_7L                      000000F7
_EBTRB_OFF_7H                     000000FF
_EBTRB_ON_7H                      000000BF
_FCMEN_OFF_1H                     000000BF
_FCMEN_ON_1H                      000000FF
_FOSC_ECIO_EC_1H                  000000F4
_FOSC_ECPLLIO_EC_1H               000000F6
_FOSC_ECPLL_EC_1H                 000000F7
_FOSC_EC_EC_1H                    000000F5
_FOSC_HSPLL_HS_1H                 000000FE
_FOSC_HS_1H                       000000FC
_FOSC_INTOSCIO_EC_1H              000000F8
_FOSC_INTOSC_EC_1H                000000F9
_FOSC_INTOSC_HS_1H                000000FB
_FOSC_INTOSC_XT_1H                000000FA
_FOSC_XTPLL_XT_1H                 000000F2
_FOSC_XT_XT_1H                    000000F0
_ICPRT_OFF_4L                     000000DF
_ICPRT_ON_4L                      000000FF
_IDLOC0                           00200000
_IDLOC1                           00200001
_IDLOC2                           00200002
_IDLOC3                           00200003
_IDLOC4                           00200004
_IDLOC5                           00200005
_IDLOC6                           00200006
_IDLOC7                           00200007
_IESO_OFF_1H                      0000007F
_IESO_ON_1H                       000000FF
_LPT1OSC_OFF_3H                   000000FB
_LPT1OSC_ON_3H                    000000FF
MPASM  5.42             TINYBLD18F2550USB.ASM   7-20-2014  18:28:27         PAGE 28


SYMBOL TABLE
  LABEL                             VALUE 

_LVP_OFF_4L                       000000FB
_LVP_ON_4L                        000000FF
_MCLRE_OFF_3H                     0000007F
_MCLRE_ON_3H                      000000FF
_PBADEN_OFF_3H                    000000FD
_PBADEN_ON_3H                     000000FF
_PLLDIV_10_1L                     000000FE
_PLLDIV_12_1L                     000000FF
_PLLDIV_1_1L                      000000F8
_PLLDIV_2_1L                      000000F9
_PLLDIV_3_1L                      000000FA
_PLLDIV_4_1L                      000000FB
_PLLDIV_5_1L                      000000FC
_PLLDIV_6_1L                      000000FD
_PWRT_OFF_2L                      000000FF
_PWRT_ON_2L                       000000FE
_STVREN_OFF_4L                    000000FE
_STVREN_ON_4L                     000000FF
_USBDIV_1_1L                      000000DF
_USBDIV_2_1L                      000000FF
_VREGEN_OFF_2L                    000000DF
_VREGEN_ON_2L                     000000FF
_WDTPS_1024_2H                    000000F5
_WDTPS_128_2H                     000000EF
_WDTPS_16384_2H                   000000FD
_WDTPS_16_2H                      000000E9
_WDTPS_1_2H                       000000E1
_WDTPS_2048_2H                    000000F7
_WDTPS_256_2H                     000000F1
_WDTPS_2_2H                       000000E3
_WDTPS_32768_2H                   000000FF
_WDTPS_32_2H                      000000EB
_WDTPS_4096_2H                    000000F9
_WDTPS_4_2H                       000000E5
_WDTPS_512_2H                     000000F3
_WDTPS_64_2H                      000000ED
_WDTPS_8192_2H                    000000FB
_WDTPS_8_2H                       000000E7
_WDT_OFF_2H                       000000FE
_WDT_ON_2H                        000000FF
_WRT0_OFF_6L                      000000FF
_WRT0_ON_6L                       000000FE
_WRT1_OFF_6L                      000000FF
_WRT1_ON_6L                       000000FD
_WRT2_OFF_6L                      000000FF
_WRT2_ON_6L                       000000FB
_WRT3_OFF_6L                      000000FF
_WRT3_ON_6L                       000000F7
_WRTB_OFF_6H                      000000FF
_WRTB_ON_6H                       000000BF
_WRTC_OFF_6H                      000000FF
_WRTC_ON_6H                       000000DF
_WRTD_OFF_6H                      000000FF
MPASM  5.42             TINYBLD18F2550USB.ASM   7-20-2014  18:28:27         PAGE 29


SYMBOL TABLE
  LABEL                             VALUE 

_WRTD_ON_6H                       0000007F
_XINST_OFF_4L                     000000BF
_XINST_ON_4L                      000000FF
__18F4550                         00000001
baud                              0001C200
baud_real                         0001C2B9
buffer                            0000000A
cnt1                              00000002
cnt2                              00000003
cnt3                              00000004
counter_hi                        00000005
counter_lo                        00000006
crc                               00000000
eraseloop                         00007F9C
errpercent                        00000000
first_address                     max_flash-200
flag                              00000007
i                                 00000001
mainl                             00007F5A
max_flash                         0x8000
noconfig                          00007F9C
noeeprom                          00007F90
notrcv                            00007FEC
rcvoct                            00007F78
rpt2                              00007FDE
rpt3                              00007FE0
rptc                              00007FE2
spbrg_value                       00000019
waitwre                           00007FC0
way_to_exit                       00007FF8
writebigloop                      00007FA2
writebyte                         00007FAE
writesloop                        00007FAA
xtal                              02DC6C00
ziieroare                         00007FC4


MEMORY USAGE MAP ('X' = Used,  '-' = Unused)

0000 : XXXX------------ ---------------- ---------------- ----------------
7F00 : ---------------- ---------------- ---------------- --------XXXXXXXX
7F40 : XXXXXXXXXXXXXXXX XXXXXXXXXXXXXXXX XXXXXXXXXXXXXXXX XXXXXXXXXXXXXXXX
7F80 : XXXXXXXXXXXXXXXX XXXXXXXXXXXXXXXX XXXXXXXXXXXXXXXX XXXXXXXXXXXXXXXX
7FC0 : XXXXXXXXXXXXXXXX XXXXXXXXXXXXXXXX XXXXXXXXXXXXXXXX XXXXXXXXXXXX----
0000 : XXXXXXXXXXXXXX-- ---------------- ---------------- ----------------

All other memory blocks unused.

Program Memory Bytes Used:   214
Program Memory Bytes Free: 32554

MPASM  5.42             TINYBLD18F2550USB.ASM   7-20-2014  18:28:27         PAGE 30






Errors   :     0
Warnings :    12 reported,     0 suppressed
Messages :     0 reported,     0 suppressed

